mode: set
DeviceService\Test\GetDevice\main.go:24.89,27.14 2 1
DeviceService\Test\GetDevice\main.go:32.2,44.16 3 1
DeviceService\Test\GetDevice\main.go:49.2,49.27 1 1
DeviceService\Test\GetDevice\main.go:54.2,57.76 2 1
DeviceService\Test\GetDevice\main.go:62.2,63.16 2 1
DeviceService\Test\GetDevice\main.go:67.2,67.54 1 1
DeviceService\Test\GetDevice\main.go:27.14,29.3 1 1
DeviceService\Test\GetDevice\main.go:44.16,46.3 1 0
DeviceService\Test\GetDevice\main.go:49.27,51.3 1 1
DeviceService\Test\GetDevice\main.go:57.76,59.3 1 0
DeviceService\Test\GetDevice\main.go:63.16,65.3 1 0
DeviceService\Test\GetDevice\main.go:70.13,72.2 1 0
DeviceService\Test\GetDevice\main.go:74.13,81.2 3 1
