mode: set
DeviceService\Test\CreateDevice\main.go:25.67,29.30 3 1
DeviceService\Test\CreateDevice\main.go:33.2,33.39 1 1
DeviceService\Test\CreateDevice\main.go:37.2,37.32 1 1
DeviceService\Test\CreateDevice\main.go:41.2,41.32 1 1
DeviceService\Test\CreateDevice\main.go:45.2,45.34 1 1
DeviceService\Test\CreateDevice\main.go:51.2,51.18 1 1
DeviceService\Test\CreateDevice\main.go:55.2,55.12 1 1
DeviceService\Test\CreateDevice\main.go:29.30,32.3 2 1
DeviceService\Test\CreateDevice\main.go:33.39,36.3 2 1
DeviceService\Test\CreateDevice\main.go:37.32,40.3 2 1
DeviceService\Test\CreateDevice\main.go:41.32,44.3 2 1
DeviceService\Test\CreateDevice\main.go:45.34,48.3 2 1
DeviceService\Test\CreateDevice\main.go:51.18,53.3 1 1
DeviceService\Test\CreateDevice\main.go:59.75,67.2 1 1
DeviceService\Test\CreateDevice\main.go:70.48,76.16 3 1
DeviceService\Test\CreateDevice\main.go:81.2,86.16 2 1
DeviceService\Test\CreateDevice\main.go:90.2,90.12 1 1
DeviceService\Test\CreateDevice\main.go:76.16,78.3 1 0
DeviceService\Test\CreateDevice\main.go:86.16,88.3 1 0
DeviceService\Test\CreateDevice\main.go:95.89,98.71 2 1
DeviceService\Test\CreateDevice\main.go:103.2,103.56 1 1
DeviceService\Test\CreateDevice\main.go:108.2,111.47 2 1
DeviceService\Test\CreateDevice\main.go:116.2,117.16 2 1
DeviceService\Test\CreateDevice\main.go:121.2,121.50 1 1
DeviceService\Test\CreateDevice\main.go:98.71,100.3 1 1
DeviceService\Test\CreateDevice\main.go:103.56,105.3 1 1
DeviceService\Test\CreateDevice\main.go:111.47,113.3 1 0
DeviceService\Test\CreateDevice\main.go:117.16,119.3 1 0
DeviceService\Test\CreateDevice\main.go:124.13,126.2 1 0
DeviceService\Test\CreateDevice\main.go:128.13,135.2 3 1
